success | failure | total
   15   |    10   |  25

./data/converted/001_F_jpeg2000_10.jp2
(1818, 128)
copy move attack detected
./data/converted/001_F_jpeg2000_20.jp2
(1736, 128)
copy move attack detected
./data/converted/001_F_jpeg2000_40.jp2
(1658, 128)
copy move attack detected
./data/converted/001_F_jpegxr_10.jxr
(1689, 128)
copy move attack detected
./data/converted/001_F_jpegxr_20.jxr
(1756, 128)
copy move attack detected
./data/converted/001_F_jpegxr_40.jxr
(1686, 128)
no copy move attack detected
./data/converted/001_F_jpeg_10.jpeg
(1778, 128)
copy move attack detected
./data/converted/001_F_jpeg_20.jpeg
(1953, 128)
copy move attack detected
./data/converted/001_F_jpeg_40.jpeg
(2254, 128)
copy move attack detected
./data/converted/002_F_jpeg2000_10.jp2
(786, 128)
no copy move attack detected
./data/converted/002_F_jpeg2000_20.jp2
(828, 128)
copy move attack detected
./data/converted/002_F_jpeg2000_40.jp2
(838, 128)
no copy move attack detected
./data/converted/002_F_jpegxr_10.jxr
(720, 128)
no copy move attack detected
./data/converted/002_F_jpegxr_20.jxr
(704, 128)
no copy move attack detected
./data/converted/002_F_jpegxr_40.jxr
(695, 128)
no copy move attack detected
./data/converted/002_F_jpeg_10.jpeg
(752, 128)
no copy move attack detected
./data/converted/002_F_jpeg_20.jpeg
(862, 128)
copy move attack detected
./data/converted/002_F_jpeg_40.jpeg
(1190, 128)
no copy move attack detected
./data/converted/003_F_jpeg2000_10.jp2
(2035, 128)
copy move attack detected
./data/converted/003_F_jpeg2000_20.jp2
(1971, 128)
copy move attack detected
./data/converted/003_F_jpeg2000_40.jp2
(1777, 128)
copy move attack detected
./data/converted/003_F_jpegxr_10.jxr
(1951, 128)
copy move attack detected
./data/converted/003_F_jpegxr_20.jxr
(1935, 128)
no copy move attack detected
./data/converted/003_F_jpegxr_40.jxr
(1827, 128)
no copy move attack detected
./data/converted/003_F_jpeg_10.jpeg
(2050, 128)